

============================== 2022-10-05 04:15:58.577020 | 5a2df8a7-ac52-4715-bea1-f4441523ab8e ==============================
[0m04:15:58.577027 [info ] [MainThread]: Running with dbt=1.2.2
[0m04:15:58.577240 [debug] [MainThread]: running dbt with arguments {'write_json': True, 'use_colors': True, 'printer_width': 80, 'version_check': True, 'partial_parse': True, 'static_parser': True, 'profiles_dir': '/Users/alfredohiguera/.dbt', 'send_anonymous_usage_stats': True, 'event_buffer_size': 100000, 'quiet': False, 'no_print': False, 'project_name': 'jaffle_shop', 'skip_profile_setup': False, 'which': 'init', 'indirect_selection': 'eager'}
[0m04:15:58.577355 [debug] [MainThread]: Tracking: tracking
[0m04:15:58.587782 [debug] [MainThread]: Sending event: {'category': 'dbt', 'action': 'invocation', 'label': 'start', 'context': [<snowplow_tracker.self_describing_json.SelfDescribingJson object at 0x1080c3eb0>, <snowplow_tracker.self_describing_json.SelfDescribingJson object at 0x1080c3d30>, <snowplow_tracker.self_describing_json.SelfDescribingJson object at 0x1080c3d60>]}
[0m04:15:58.588688 [info ] [MainThread]: Creating dbt configuration folder at /Users/alfredohiguera/.dbt
[0m04:15:58.589591 [debug] [MainThread]: Starter project path: /opt/homebrew/Cellar/dbt-bigquery/1.2.0/libexec/lib/python3.9/site-packages/dbt/include/starter_project
[0m04:20:32.220067 [debug] [MainThread]: Sending event: {'category': 'dbt', 'action': 'invocation', 'label': 'end', 'context': [<snowplow_tracker.self_describing_json.SelfDescribingJson object at 0x1080c3310>, <snowplow_tracker.self_describing_json.SelfDescribingJson object at 0x1080c3190>, <snowplow_tracker.self_describing_json.SelfDescribingJson object at 0x1080c3340>]}
[0m04:20:32.222309 [debug] [MainThread]: Flushing usage events
[0m04:20:32.657166 [error] [MainThread]: Encountered an error:

[0m04:20:32.660956 [error] [MainThread]: Traceback (most recent call last):
  File "/opt/homebrew/Cellar/dbt-bigquery/1.2.0/libexec/lib/python3.9/site-packages/dbt/main.py", line 129, in main
    results, succeeded = handle_and_check(args)
  File "/opt/homebrew/Cellar/dbt-bigquery/1.2.0/libexec/lib/python3.9/site-packages/dbt/main.py", line 191, in handle_and_check
    task, res = run_from_args(parsed)
  File "/opt/homebrew/Cellar/dbt-bigquery/1.2.0/libexec/lib/python3.9/site-packages/dbt/main.py", line 238, in run_from_args
    results = task.run()
  File "/opt/homebrew/Cellar/dbt-bigquery/1.2.0/libexec/lib/python3.9/site-packages/dbt/task/init.py", line 326, in run
    self.create_profile_from_target(adapter, profile_name=project_name)
  File "/opt/homebrew/Cellar/dbt-bigquery/1.2.0/libexec/lib/python3.9/site-packages/dbt/task/init.py", line 205, in create_profile_from_target
    self.create_profile_from_profile_template(profile_template, profile_name)
  File "/opt/homebrew/Cellar/dbt-bigquery/1.2.0/libexec/lib/python3.9/site-packages/dbt/task/init.py", line 189, in create_profile_from_profile_template
    target = self.generate_target_from_input(prompts, initial_target)
  File "/opt/homebrew/Cellar/dbt-bigquery/1.2.0/libexec/lib/python3.9/site-packages/dbt/task/init.py", line 142, in generate_target_from_input
    target = self.generate_target_from_input(
  File "/opt/homebrew/Cellar/dbt-bigquery/1.2.0/libexec/lib/python3.9/site-packages/dbt/task/init.py", line 155, in generate_target_from_input
    target[key] = click.prompt(
  File "/opt/homebrew/Cellar/dbt-bigquery/1.2.0/libexec/lib/python3.9/site-packages/click/termui.py", line 166, in prompt
    value = prompt_func(prompt)
  File "/opt/homebrew/Cellar/dbt-bigquery/1.2.0/libexec/lib/python3.9/site-packages/click/termui.py", line 149, in prompt_func
    raise Abort() from None
click.exceptions.Abort



============================== 2022-10-05 04:20:37.958052 | 60a1abfb-7dca-4693-b8df-324788cc2b7c ==============================
[0m04:20:37.958058 [info ] [MainThread]: Running with dbt=1.2.2
[0m04:20:37.958247 [debug] [MainThread]: running dbt with arguments {'write_json': True, 'use_colors': True, 'printer_width': 80, 'version_check': True, 'partial_parse': True, 'static_parser': True, 'profiles_dir': '/Users/alfredohiguera/.dbt', 'send_anonymous_usage_stats': True, 'event_buffer_size': 100000, 'quiet': False, 'no_print': False, 'project_name': 'jaffle_shop', 'skip_profile_setup': False, 'which': 'init', 'indirect_selection': 'eager'}
[0m04:20:37.958326 [debug] [MainThread]: Tracking: tracking
[0m04:20:37.965772 [debug] [MainThread]: Sending event: {'category': 'dbt', 'action': 'invocation', 'label': 'start', 'context': [<snowplow_tracker.self_describing_json.SelfDescribingJson object at 0x1056e8e50>, <snowplow_tracker.self_describing_json.SelfDescribingJson object at 0x1056e8cd0>, <snowplow_tracker.self_describing_json.SelfDescribingJson object at 0x1056e8d00>]}
[0m04:20:37.967214 [info ] [MainThread]: A project called jaffle_shop already exists here.
[0m04:20:37.967451 [debug] [MainThread]: Sending event: {'category': 'dbt', 'action': 'invocation', 'label': 'end', 'context': [<snowplow_tracker.self_describing_json.SelfDescribingJson object at 0x1056e8550>, <snowplow_tracker.self_describing_json.SelfDescribingJson object at 0x1056e8520>, <snowplow_tracker.self_describing_json.SelfDescribingJson object at 0x1056e8d30>]}
[0m04:20:37.967570 [debug] [MainThread]: Flushing usage events
